<?xml version="1.0" encoding="UTF-8"?>
<coverage generated="1723032170833" clover="3.2.0">
  <project timestamp="1723032170836" name="All files">
    <metrics statements="20" coveredstatements="15" conditionals="11" coveredconditionals="5" methods="3" coveredmethods="3" elements="34" coveredelements="23" complexity="0" loc="20" ncloc="20" packages="1" files="1" classes="1"/>
    <file name="FIFOBuffer.ts" path="C:\Users\jgumo\Documents\programming\React\web-serial-and-ble\src\FIFOBuffer.ts">
      <metrics statements="20" coveredstatements="15" conditionals="11" coveredconditionals="5" methods="3" coveredmethods="3"/>
      <line num="5" count="1" type="stmt"/>
      <line num="6" count="1" type="stmt"/>
      <line num="11" count="1" type="stmt"/>
      <line num="12" count="1" type="stmt"/>
      <line num="13" count="1" type="stmt"/>
      <line num="14" count="5" type="stmt"/>
      <line num="23" count="5" type="stmt"/>
      <line num="24" count="5" type="cond" truecount="2" falsecount="0"/>
      <line num="25" count="5" type="stmt"/>
      <line num="26" count="5" type="stmt"/>
      <line num="31" count="1" type="cond" truecount="1" falsecount="1"/>
      <line num="32" count="0" type="stmt"/>
      <line num="34" count="1" type="cond" truecount="1" falsecount="1"/>
      <line num="35" count="0" type="stmt"/>
      <line num="41" count="1" type="stmt"/>
      <line num="42" count="1" type="cond" truecount="1" falsecount="1"/>
      <line num="43" count="1" type="stmt"/>
      <line num="45" count="0" type="stmt"/>
      <line num="46" count="0" type="cond" truecount="0" falsecount="2"/>
      <line num="47" count="0" type="stmt"/>
    </file>
  </project>
</coverage>
