{"C:\\Users\\jgumo\\Documents\\programming\\React\\web-serial-and-ble\\src\\FIFOBuffer.ts": {"path":"C:\\Users\\jgumo\\Documents\\programming\\React\\web-serial-and-ble\\src\\FIFOBuffer.ts","statementMap":{"0":{"start":{"line":5,"column":15},"end":{"line":5,"column":16}},"1":{"start":{"line":6,"column":17},"end":{"line":6,"column":22}},"2":{"start":{"line":11,"column":4},"end":{"line":11,"column":40}},"3":{"start":{"line":12,"column":4},"end":{"line":12,"column":33}},"4":{"start":{"line":13,"column":4},"end":{"line":15,"column":5}},"5":{"start":{"line":13,"column":16},"end":{"line":13,"column":17}},"6":{"start":{"line":14,"column":6},"end":{"line":14,"column":25}},"7":{"start":{"line":23,"column":4},"end":{"line":23,"column":25}},"8":{"start":{"line":24,"column":4},"end":{"line":24,"column":66}},"9":{"start":{"line":24,"column":46},"end":{"line":24,"column":65}},"10":{"start":{"line":25,"column":4},"end":{"line":25,"column":41}},"11":{"start":{"line":26,"column":4},"end":{"line":26,"column":29}},"12":{"start":{"line":31,"column":4},"end":{"line":33,"column":5}},"13":{"start":{"line":32,"column":6},"end":{"line":32,"column":103}},"14":{"start":{"line":34,"column":4},"end":{"line":36,"column":5}},"15":{"start":{"line":35,"column":6},"end":{"line":35,"column":61}},"16":{"start":{"line":41,"column":4},"end":{"line":41,"column":29}},"17":{"start":{"line":42,"column":4},"end":{"line":44,"column":5}},"18":{"start":{"line":43,"column":6},"end":{"line":43,"column":73}},"19":{"start":{"line":45,"column":21},"end":{"line":45,"column":70}},"20":{"start":{"line":46,"column":21},"end":{"line":46,"column":84}},"21":{"start":{"line":47,"column":4},"end":{"line":47,"column":116}}},"fnMap":{"0":{"name":"(anonymous_0)","decl":{"start":{"line":10,"column":2},"end":{"line":10,"column":3}},"loc":{"start":{"line":10,"column":26},"end":{"line":16,"column":3}},"line":10},"1":{"name":"(anonymous_1)","decl":{"start":{"line":22,"column":2},"end":{"line":22,"column":3}},"loc":{"start":{"line":22,"column":38},"end":{"line":27,"column":3}},"line":22},"2":{"name":"(anonymous_2)","decl":{"start":{"line":29,"column":2},"end":{"line":29,"column":3}},"loc":{"start":{"line":29,"column":67},"end":{"line":49,"column":3}},"line":29}},"branchMap":{"0":{"loc":{"start":{"line":24,"column":4},"end":{"line":24,"column":66}},"type":"if","locations":[{"start":{"line":24,"column":4},"end":{"line":24,"column":66}},{"start":{},"end":{}}],"line":24},"1":{"loc":{"start":{"line":29,"column":18},"end":{"line":29,"column":43}},"type":"default-arg","locations":[{"start":{"line":29,"column":25},"end":{"line":29,"column":43}}],"line":29},"2":{"loc":{"start":{"line":31,"column":4},"end":{"line":33,"column":5}},"type":"if","locations":[{"start":{"line":31,"column":4},"end":{"line":33,"column":5}},{"start":{},"end":{}}],"line":31},"3":{"loc":{"start":{"line":34,"column":4},"end":{"line":36,"column":5}},"type":"if","locations":[{"start":{"line":34,"column":4},"end":{"line":36,"column":5}},{"start":{},"end":{}}],"line":34},"4":{"loc":{"start":{"line":42,"column":4},"end":{"line":44,"column":5}},"type":"if","locations":[{"start":{"line":42,"column":4},"end":{"line":44,"column":5}},{"start":{},"end":{}}],"line":42},"5":{"loc":{"start":{"line":46,"column":21},"end":{"line":46,"column":84}},"type":"cond-expr","locations":[{"start":{"line":46,"column":54},"end":{"line":46,"column":55}},{"start":{"line":46,"column":58},"end":{"line":46,"column":84}}],"line":46}},"s":{"0":1,"1":1,"2":1,"3":1,"4":1,"5":1,"6":5,"7":5,"8":5,"9":1,"10":5,"11":5,"12":1,"13":0,"14":1,"15":0,"16":1,"17":1,"18":1,"19":0,"20":0,"21":0},"f":{"0":1,"1":5,"2":1},"b":{"0":[1,4],"1":[0],"2":[0,1],"3":[0,1],"4":[1,0],"5":[0,0]},"_coverageSchema":"1a1c01bbd47fc00a2c39e90264f33305004495a9","hash":"aee7b79bf89889e4fb932ff433b5d676d2493396"}
}
