TN:
SF:src\FIFOBuffer.ts
FN:10,(anonymous_0)
FN:22,(anonymous_1)
FN:29,(anonymous_2)
FNF:3
FNH:3
FNDA:1,(anonymous_0)
FNDA:5,(anonymous_1)
FNDA:1,(anonymous_2)
DA:5,1
DA:6,1
DA:11,1
DA:12,1
DA:13,1
DA:14,5
DA:23,5
DA:24,5
DA:25,5
DA:26,5
DA:31,1
DA:32,0
DA:34,1
DA:35,0
DA:41,1
DA:42,1
DA:43,1
DA:45,0
DA:46,0
DA:47,0
LF:20
LH:15
BRDA:24,0,0,1
BRDA:24,0,1,4
BRDA:29,1,0,0
BRDA:31,2,0,0
BRDA:31,2,1,1
BRDA:34,3,0,0
BRDA:34,3,1,1
BRDA:42,4,0,1
BRDA:42,4,1,0
BRDA:46,5,0,0
BRDA:46,5,1,0
BRF:11
BRH:5
end_of_record
